Using pre-set license
Built from '2021.2/staging' branch; Version is '2021.2.3f1 (32358a8527b4) revision 3290506'; Using compiler version '192829333'; Build Type 'Release'
OS: 'Windows 10 Home; OS build 19043.1348; Version 2009; 64bit' Language: 'en' Physical Memory: 32614 MB
BatchMode: 1, IsHumanControllingUs: 0, StartBugReporterOnCrash: 0, Is64bit: 1, IsPro: 0

COMMAND LINE ARGUMENTS:
C:\Data\UnityInstallations\2021.2.3f1\Editor\Unity.exe
-adb2
-batchMode
-noUpm
-name
AssetImportWorker0
-projectPath
C:/Data/UnityProjects/DesignDevelopDeployForVR_Updated
-logFile
Logs/AssetImportWorker0.log
-srvPort
52005
Successfully changed project path to: C:/Data/UnityProjects/DesignDevelopDeployForVR_Updated
C:/Data/UnityProjects/DesignDevelopDeployForVR_Updated
[UnityMemory] Configuration Parameters - Can be set up in boot.config
    "memorysetup-bucket-allocator-granularity=16"
    "memorysetup-bucket-allocator-bucket-count=8"
    "memorysetup-bucket-allocator-block-size=33554432"
    "memorysetup-bucket-allocator-block-count=8"
    "memorysetup-main-allocator-block-size=16777216"
    "memorysetup-thread-allocator-block-size=16777216"
    "memorysetup-gfx-main-allocator-block-size=16777216"
    "memorysetup-gfx-thread-allocator-block-size=16777216"
    "memorysetup-cache-allocator-block-size=4194304"
    "memorysetup-typetree-allocator-block-size=2097152"
    "memorysetup-profiler-bucket-allocator-granularity=16"
    "memorysetup-profiler-bucket-allocator-bucket-count=8"
    "memorysetup-profiler-bucket-allocator-block-size=33554432"
    "memorysetup-profiler-bucket-allocator-block-count=8"
    "memorysetup-profiler-allocator-block-size=16777216"
    "memorysetup-profiler-editor-allocator-block-size=1048576"
    "memorysetup-temp-allocator-size-main=16777216"
    "memorysetup-job-temp-allocator-block-size=2097152"
    "memorysetup-job-temp-allocator-block-size-background=1048576"
    "memorysetup-job-temp-allocator-reduction-small-platforms=262144"
    "memorysetup-temp-allocator-size-background-worker=32768"
    "memorysetup-temp-allocator-size-job-worker=262144"
    "memorysetup-temp-allocator-size-preload-manager=33554432"
    "memorysetup-temp-allocator-size-nav-mesh-worker=65536"
    "memorysetup-temp-allocator-size-audio-worker=65536"
    "memorysetup-temp-allocator-size-cloud-worker=32768"
    "memorysetup-temp-allocator-size-gi-baking-worker=262144"
    "memorysetup-temp-allocator-size-gfx=262144"
Refreshing native plugins compatible for Editor in 141.74 ms, found 4 plugins.
Preloading 1 native plugins for Editor in 0.76 ms.
Initialize engine version: 2021.2.3f1 (32358a8527b4)
[Subsystems] Discovering subsystems at path C:/Data/UnityInstallations/2021.2.3f1/Editor/Data/Resources/UnitySubsystems
[Subsystems] Discovering subsystems at path C:/Data/UnityProjects/DesignDevelopDeployForVR_Updated/Assets
GfxDevice: creating device client; threaded=0; jobified=0
Direct3D:
    Version:  Direct3D 11.0 [level 11.1]
    Renderer: NVIDIA GeForce GTX 1070 (ID=0x1ba1)
    Vendor:   NVIDIA
    VRAM:     8082 MB
    Driver:   30.0.14.9709
Shader 'Oculus/OVRMRCameraFrameLit': fallback shader 'Alpha-Diffuse' not found
Initialize mono
Mono path[0] = 'C:/Data/UnityInstallations/2021.2.3f1/Editor/Data/Managed'
Mono path[1] = 'C:/Data/UnityInstallations/2021.2.3f1/Editor/Data/MonoBleedingEdge/lib/mono/unityjit-win32'
Mono config path = 'C:/Data/UnityInstallations/2021.2.3f1/Editor/Data/MonoBleedingEdge/etc'
Using monoOptions --debugger-agent=transport=dt_socket,embedding=1,server=y,suspend=n,address=127.0.0.1:56100
Begin MonoManager ReloadAssembly
Registering precompiled unity dll's ...
Register platform support module: C:/Data/UnityInstallations/2021.2.3f1/Editor/Data/PlaybackEngines/WindowsStandaloneSupport/UnityEditor.WindowsStandalone.Extensions.dll
Registered in 0.015813 seconds.
Native extension for WindowsStandalone target not found
Refreshing native plugins compatible for Editor in 101.67 ms, found 4 plugins.
Preloading 1 native plugins for Editor in 0.07 ms.
Mono: successfully reloaded assembly
- Completed reload, in  1.122 seconds
Domain Reload Profiling:
	ReloadAssembly (1122ms)
		BeginReloadAssembly (146ms)
			ExecutionOrderSort (0ms)
			DisableScriptedObjects (0ms)
			BackupInstance (0ms)
			ReleaseScriptingObjects (0ms)
			CreateAndSetChildDomain (3ms)
		EndReloadAssembly (816ms)
			LoadAssemblies (141ms)
			RebuildTransferFunctionScriptingTraits (0ms)
			SetupTypeCache (188ms)
			ReleaseScriptCaches (0ms)
			RebuildScriptCaches (52ms)
			SetupLoadedEditorAssemblies (481ms)
				LogAssemblyErrors (0ms)
				InitializePlatformSupportModulesInManaged (23ms)
				SetLoadedEditorAssemblies (0ms)
				RefreshPlugins (102ms)
				BeforeProcessingInitializeOnLoad (2ms)
				ProcessInitializeOnLoadAttributes (268ms)
				ProcessInitializeOnLoadMethodAttributes (85ms)
				AfterProcessingInitializeOnLoad (0ms)
				EditorAssembliesLoaded (0ms)
			ExecutionOrderSort2 (0ms)
			AwakeInstancesAfterBackupRestoration (0ms)
Platform modules already initialized, skipping
Registering precompiled user dll's ...
Registered in 0.019049 seconds.
Begin MonoManager ReloadAssembly
Native extension for WindowsStandalone target not found
Refreshing native plugins compatible for Editor in 114.46 ms, found 4 plugins.
Preloading 1 native plugins for Editor in 0.06 ms.
Package Manager log level set to [2]
[Package Manager] Server::Start -- Port 52067 was selected
[Package Manager] Cannot connect to Unity Package Manager local server
[Package Manager] Cannot connect to Unity Package Manager local server
System.Reflection.TargetInvocationException: Exception has been thrown by the target of an invocation. ---> System.ArgumentNullException: Value cannot be null.
Parameter name: source
  at System.Linq.Enumerable.Select[TSource,TResult] (System.Collections.Generic.IEnumerable`1[T] source, System.Func`2[T,TResult] selector) [0x0000d] in <61774763be294c9f8e2c781f10819224>:0 
  at Malimbe.FodyRunner.UnityIntegration.WeaverPathsHelper.GetSearchPaths () [0x0001e] in <cb5653f3f8e84efb959bb35ca4d3cb0b>:0 
  at Malimbe.FodyRunner.UnityIntegration.EditorWeaver.WeaveAllAssemblies () [0x00007] in <cb5653f3f8e84efb959bb35ca4d3cb0b>:0 
  at Malimbe.FodyRunner.UnityIntegration.EditorWeaver.OnEditorInitialization () [0x00011] in <cb5653f3f8e84efb959bb35ca4d3cb0b>:0 
  at (wrapper managed-to-native) System.Reflection.RuntimeMethodInfo.InternalInvoke(System.Reflection.RuntimeMethodInfo,object,object[],System.Exception&)
  at System.Reflection.RuntimeMethodInfo.Invoke (System.Object obj, System.Reflection.BindingFlags invokeAttr, System.Reflection.Binder binder, System.Object[] parameters, System.Globalization.CultureInfo culture) [0x0006a] in <00c558282d074245ab3496e2d108079b>:0 
   --- End of inner exception stack trace ---
  at System.Reflection.RuntimeMethodInfo.Invoke (System.Object obj, System.Reflection.BindingFlags invokeAttr, System.Reflection.Binder binder, System.Object[] parameters, System.Globalization.CultureInfo culture) [0x00083] in <00c558282d074245ab3496e2d108079b>:0 
  at System.Reflection.MethodBase.Invoke (System.Object obj, System.Object[] parameters) [0x00000] in <00c558282d074245ab3496e2d108079b>:0 
  at UnityEditor.EditorAssemblies.ProcessInitializeOnLoadMethodAttributes () [0x000a5] in <ba030cc3475e41258f58c8c467eb72e2>:0 
UnityEngine.StackTraceUtility:ExtractStackTrace ()
UnityEngine.DebugLogHandler:LogFormat (UnityEngine.LogType,UnityEngine.Object,string,object[])
UnityEngine.Logger:Log (UnityEngine.LogType,object)
UnityEngine.Debug:LogError (object)
UnityEditor.EditorAssemblies:ProcessInitializeOnLoadMethodAttributes ()

[XR] OculusXRPlugin: registering subsystems
[XR] Unable to register display lifecyle provider: [1]
[XR] Oculus Input lifecycle provider registered.
[XR] Unable to register input lifecyle provider: [1]
[XR] OVRP version 1.66.0
Mono: successfully reloaded assembly
- Completed reload, in  2.652 seconds
Domain Reload Profiling:
	ReloadAssembly (2655ms)
		BeginReloadAssembly (300ms)
			ExecutionOrderSort (0ms)
			DisableScriptedObjects (12ms)
			BackupInstance (0ms)
			ReleaseScriptingObjects (0ms)
			CreateAndSetChildDomain (27ms)
		EndReloadAssembly (2192ms)
			LoadAssemblies (155ms)
			RebuildTransferFunctionScriptingTraits (0ms)
			SetupTypeCache (307ms)
			ReleaseScriptCaches (1ms)
			RebuildScriptCaches (151ms)
			SetupLoadedEditorAssemblies (1350ms)
				LogAssemblyErrors (0ms)
				InitializePlatformSupportModulesInManaged (17ms)
				SetLoadedEditorAssemblies (0ms)
				RefreshPlugins (115ms)
				BeforeProcessingInitializeOnLoad (189ms)
				ProcessInitializeOnLoadAttributes (367ms)
				ProcessInitializeOnLoadMethodAttributes (643ms)
				AfterProcessingInitializeOnLoad (18ms)
				EditorAssembliesLoaded (0ms)
			ExecutionOrderSort2 (0ms)
			AwakeInstancesAfterBackupRestoration (8ms)
Platform modules already initialized, skipping
========================================================================
Worker process is ready to serve import requests
Shader 'Oculus/OVRMRCameraFrameLit': fallback shader 'Alpha-Diffuse' not found
Launched and connected shader compiler UnityShaderCompiler.exe after 0.13 seconds
Refreshing native plugins compatible for Editor in 6.04 ms, found 4 plugins.
Preloading 1 native plugins for Editor in 0.14 ms.
Unloading 2967 Unused Serialized files (Serialized files now loaded: 0)
Unloading 64 unused Assets / (144.2 KB). Loaded Objects now: 3409.
Memory consumption went from 208.3 MB to 208.1 MB.
Total: 13.627200 ms (FindLiveObjects: 0.502700 ms CreateObjectMapping: 3.238500 ms MarkObjects: 9.667000 ms  DeleteObjects: 0.217400 ms)

AssetImportParameters requested are different than current active one (requested -> active):
  custom:video-decoder-ogg-theora: a1e56fd34408186e4bbccfd4996cb3dc -> 
  custom:container-muxer-webm: aa71ff27fc2769a1b78a27578f13a17b -> 
  custom:container-demuxer-webm: 4f35f7cbe854078d1ac9338744f61a02 -> 
  custom:video-encoder-webm-vp8: eb34c28f22e8b96e1ab97ce403110664 -> 
  custom:audio-encoder-webm-vorbis: bf7c407c2cedff20999df2af8eb42d56 -> 
  custom:framework-win-MediaFoundation: 216162199b28c13a410421893ffa2e32 -> 
  custom:container-demuxer-ogg: 62fdf1f143b41e24485cea50d1cbac27 -> 
  custom:video-decoder-webm-vp8: 9c59270c3fd7afecdb556c50c9e8de78 -> 
  custom:audio-decoder-ogg-vorbis: bf7c407c2cedff20999df2af8eb42d56 -> 
========================================================================
Received Import Request.
  Time since last request: 2309.694393 seconds.
  path: Packages/io.extendreality.tilia.sdk.oculusintegration.unity/Runtime/Prefabs/Input/ControllerMappings/Input.OculusIntegration.OculusTouchLeftController.prefab
  artifactKey: Guid(5381c6b0ade0a784ebf6f5f903c11182) Importer(815301076,1909f56bfc062723c751e8b465ee728b)
Start importing Packages/io.extendreality.tilia.sdk.oculusintegration.unity/Runtime/Prefabs/Input/ControllerMappings/Input.OculusIntegration.OculusTouchLeftController.prefab using Guid(5381c6b0ade0a784ebf6f5f903c11182) Importer(815301076,1909f56bfc062723c751e8b465ee728b)  -> (artifact id: 'c1a14dda805c0455e9e2a665d8aada8c') in 0.267322 seconds 
========================================================================
Received Import Request.
  Time since last request: 10.438121 seconds.
  path: Packages/io.extendreality.tilia.sdk.oculusintegration.unity/Runtime/Prefabs/Input/Actions/Input.OculusIntegration.OVRInputButtonAction.prefab
  artifactKey: Guid(3475d8a8117a09343a7cb81c0f0dae01) Importer(815301076,1909f56bfc062723c751e8b465ee728b)
Start importing Packages/io.extendreality.tilia.sdk.oculusintegration.unity/Runtime/Prefabs/Input/Actions/Input.OculusIntegration.OVRInputButtonAction.prefab using Guid(3475d8a8117a09343a7cb81c0f0dae01) Importer(815301076,1909f56bfc062723c751e8b465ee728b)  -> (artifact id: '140e9872699080b40bfb1e4634b767a0') in 0.015056 seconds 
========================================================================
Received Import Request.
  Time since last request: 62.381640 seconds.
  path: Packages/io.extendreality.tilia.input.unityinputsystem/Runtime/SharedResources
  artifactKey: Guid(2353e870b8236034884c489b29888ef7) Importer(815301076,1909f56bfc062723c751e8b465ee728b)
Start importing Packages/io.extendreality.tilia.input.unityinputsystem/Runtime/SharedResources using Guid(2353e870b8236034884c489b29888ef7) Importer(815301076,1909f56bfc062723c751e8b465ee728b)  -> (artifact id: 'a843ca524fe785118253d47cc776f49c') in 0.015350 seconds 
========================================================================
Received Import Request.
  Time since last request: 0.918758 seconds.
  path: Packages/io.extendreality.tilia.input.unityinputsystem/Runtime/SharedResources/Scripts
  artifactKey: Guid(f9e1b11134f3ca84ba408eafcea3893a) Importer(815301076,1909f56bfc062723c751e8b465ee728b)
Start importing Packages/io.extendreality.tilia.input.unityinputsystem/Runtime/SharedResources/Scripts using Guid(f9e1b11134f3ca84ba408eafcea3893a) Importer(815301076,1909f56bfc062723c751e8b465ee728b)  -> (artifact id: '3abbc96ab66c2af1c17e1a266f283482') in 0.013086 seconds 
========================================================================
Received Import Request.
  Time since last request: 0.767200 seconds.
  path: Packages/io.extendreality.tilia.input.unityinputsystem/Runtime/SharedResources/Scripts/Transformation
  artifactKey: Guid(3008ceba426d1984291c9ef6b766f5f2) Importer(815301076,1909f56bfc062723c751e8b465ee728b)
Start importing Packages/io.extendreality.tilia.input.unityinputsystem/Runtime/SharedResources/Scripts/Transformation using Guid(3008ceba426d1984291c9ef6b766f5f2) Importer(815301076,1909f56bfc062723c751e8b465ee728b)  -> (artifact id: 'd5b9aab7a6c7f087bfb78af4202a3dfd') in 0.013682 seconds 
========================================================================
Received Import Request.
  Time since last request: 0.877953 seconds.
  path: Packages/io.extendreality.tilia.input.unityinputsystem/Runtime/SharedResources/Scripts/Transformation/Conversion
  artifactKey: Guid(68256516daad21a49945eefd6975e3e3) Importer(815301076,1909f56bfc062723c751e8b465ee728b)
Start importing Packages/io.extendreality.tilia.input.unityinputsystem/Runtime/SharedResources/Scripts/Transformation/Conversion using Guid(68256516daad21a49945eefd6975e3e3) Importer(815301076,1909f56bfc062723c751e8b465ee728b)  -> (artifact id: 'c3672635c30969e327358bb887f559c5') in 0.017871 seconds 
========================================================================
Received Import Request.
  Time since last request: 53.833529 seconds.
  path: Assets/Samples/Tilia Input UnityInputSystem/1.1.9/GenericXR
  artifactKey: Guid(7d0a20342112d8441a5385059e376200) Importer(815301076,1909f56bfc062723c751e8b465ee728b)
Start importing Assets/Samples/Tilia Input UnityInputSystem/1.1.9/GenericXR using Guid(7d0a20342112d8441a5385059e376200) Importer(815301076,1909f56bfc062723c751e8b465ee728b)  -> (artifact id: '6691ebccf9a70a1e91d9a160efc95c0f') in 0.013994 seconds 
========================================================================
Received Import Request.
  Time since last request: 11.730168 seconds.
  path: Assets/Samples/Tilia Input UnityInputSystem/1.1.9/GenericXR/InputActions_GenericXR.inputactions
  artifactKey: Guid(f9adcc3f2cca70e4fa3cdabd2c27afbc) Importer(815301076,1909f56bfc062723c751e8b465ee728b)
Start importing Assets/Samples/Tilia Input UnityInputSystem/1.1.9/GenericXR/InputActions_GenericXR.inputactions using Guid(f9adcc3f2cca70e4fa3cdabd2c27afbc) Importer(815301076,1909f56bfc062723c751e8b465ee728b)  -> (artifact id: '1d44cbd11714a38ee349f0a9b237b384') in 0.035500 seconds 
========================================================================
Received Prepare
Registering precompiled user dll's ...
Registered in 0.033649 seconds.
Begin MonoManager ReloadAssembly
Native extension for WindowsStandalone target not found
Refreshing native plugins compatible for Editor in 6.10 ms, found 4 plugins.
Preloading 1 native plugins for Editor in 0.19 ms.
[Package Manager] Server::EnsureServerProcessIsRunning -- Spent [465] seconds sending health check requests
Mono: successfully reloaded assembly
- Completed reload, in  8.432 seconds
Domain Reload Profiling:
	ReloadAssembly (8433ms)
		BeginReloadAssembly (420ms)
			ExecutionOrderSort (0ms)
			DisableScriptedObjects (17ms)
			BackupInstance (0ms)
			ReleaseScriptingObjects (0ms)
			CreateAndSetChildDomain (115ms)
		EndReloadAssembly (7740ms)
			LoadAssemblies (263ms)
			RebuildTransferFunctionScriptingTraits (0ms)
			SetupTypeCache (479ms)
			ReleaseScriptCaches (1ms)
			RebuildScriptCaches (157ms)
			SetupLoadedEditorAssemblies (6518ms)
				LogAssemblyErrors (0ms)
				InitializePlatformSupportModulesInManaged (24ms)
				SetLoadedEditorAssemblies (1ms)
				RefreshPlugins (7ms)
				BeforeProcessingInitializeOnLoad (197ms)
				ProcessInitializeOnLoadAttributes (620ms)
				ProcessInitializeOnLoadMethodAttributes (5651ms)
				AfterProcessingInitializeOnLoad (17ms)
				EditorAssembliesLoaded (0ms)
			ExecutionOrderSort2 (0ms)
			AwakeInstancesAfterBackupRestoration (7ms)
Platform modules already initialized, skipping
Shader 'Oculus/OVRMRCameraFrameLit': fallback shader 'Alpha-Diffuse' not found
Refreshing native plugins compatible for Editor in 1.54 ms, found 4 plugins.
Preloading 1 native plugins for Editor in 0.14 ms.
Unloading 2879 Unused Serialized files (Serialized files now loaded: 0)
Unloading 53 unused Assets / (111.8 KB). Loaded Objects now: 3412.
Memory consumption went from 202.0 MB to 201.9 MB.
Total: 11.103500 ms (FindLiveObjects: 0.792300 ms CreateObjectMapping: 0.275100 ms MarkObjects: 9.899900 ms  DeleteObjects: 0.130700 ms)

AssetImportParameters requested are different than current active one (requested -> active):
  custom:video-decoder-ogg-theora: a1e56fd34408186e4bbccfd4996cb3dc -> 
  custom:container-muxer-webm: aa71ff27fc2769a1b78a27578f13a17b -> 
  custom:container-demuxer-webm: 4f35f7cbe854078d1ac9338744f61a02 -> 
  custom:video-encoder-webm-vp8: eb34c28f22e8b96e1ab97ce403110664 -> 
  custom:audio-encoder-webm-vorbis: bf7c407c2cedff20999df2af8eb42d56 -> 
  custom:framework-win-MediaFoundation: 216162199b28c13a410421893ffa2e32 -> 
  custom:container-demuxer-ogg: 62fdf1f143b41e24485cea50d1cbac27 -> 
  custom:video-decoder-webm-vp8: 9c59270c3fd7afecdb556c50c9e8de78 -> 
  custom:audio-decoder-ogg-vorbis: bf7c407c2cedff20999df2af8eb42d56 -> 
========================================================================
Received Import Request.
  Time since last request: 1175.474602 seconds.
  path: Assets/EscapeRoom/Scripts
  artifactKey: Guid(40264043ca32679488f25ccd247b13c4) Importer(815301076,1909f56bfc062723c751e8b465ee728b)
Start importing Assets/EscapeRoom/Scripts using Guid(40264043ca32679488f25ccd247b13c4) Importer(815301076,1909f56bfc062723c751e8b465ee728b)  -> (artifact id: 'dc1ac8f76583e754e9c482400eb632ef') in 0.011483 seconds 
========================================================================
Received Import Request.
  Time since last request: 1.027986 seconds.
  path: Assets/EscapeRoom/Scripts/NumpadLogic.cs
  artifactKey: Guid(c344d2f276a28b74cbf1da0302f556a0) Importer(815301076,1909f56bfc062723c751e8b465ee728b)
Start importing Assets/EscapeRoom/Scripts/NumpadLogic.cs using Guid(c344d2f276a28b74cbf1da0302f556a0) Importer(815301076,1909f56bfc062723c751e8b465ee728b)  -> (artifact id: 'ee36bd7f3bfcf4d6bfdfa118c81e3e37') in 0.009463 seconds 
