Using pre-set license
Built from '2021.2/staging' branch; Version is '2021.2.3f1 (32358a8527b4) revision 3290506'; Using compiler version '192829333'; Build Type 'Release'
OS: 'Windows 10 Pro; OS build 19043.1288; Version 2009; 64bit' Language: 'en' Physical Memory: 32569 MB
BatchMode: 1, IsHumanControllingUs: 0, StartBugReporterOnCrash: 0, Is64bit: 1, IsPro: 0

COMMAND LINE ARGUMENTS:
C:\Program Files\Unity\Hub\Editor\2021.2.3f1\Editor\Unity.exe
-adb2
-batchMode
-noUpm
-name
AssetImportWorker0
-projectPath
C:/Projekte/Unity/EscapeRoom
-logFile
Logs/AssetImportWorker0.log
-srvPort
61764
Successfully changed project path to: C:/Projekte/Unity/EscapeRoom
C:/Projekte/Unity/EscapeRoom
[UnityMemory] Configuration Parameters - Can be set up in boot.config
    "memorysetup-bucket-allocator-granularity=16"
    "memorysetup-bucket-allocator-bucket-count=8"
    "memorysetup-bucket-allocator-block-size=33554432"
    "memorysetup-bucket-allocator-block-count=8"
    "memorysetup-main-allocator-block-size=16777216"
    "memorysetup-thread-allocator-block-size=16777216"
    "memorysetup-gfx-main-allocator-block-size=16777216"
    "memorysetup-gfx-thread-allocator-block-size=16777216"
    "memorysetup-cache-allocator-block-size=4194304"
    "memorysetup-typetree-allocator-block-size=2097152"
    "memorysetup-profiler-bucket-allocator-granularity=16"
    "memorysetup-profiler-bucket-allocator-bucket-count=8"
    "memorysetup-profiler-bucket-allocator-block-size=33554432"
    "memorysetup-profiler-bucket-allocator-block-count=8"
    "memorysetup-profiler-allocator-block-size=16777216"
    "memorysetup-profiler-editor-allocator-block-size=1048576"
    "memorysetup-temp-allocator-size-main=16777216"
    "memorysetup-job-temp-allocator-block-size=2097152"
    "memorysetup-job-temp-allocator-block-size-background=1048576"
    "memorysetup-job-temp-allocator-reduction-small-platforms=262144"
    "memorysetup-temp-allocator-size-background-worker=32768"
    "memorysetup-temp-allocator-size-job-worker=262144"
    "memorysetup-temp-allocator-size-preload-manager=33554432"
    "memorysetup-temp-allocator-size-nav-mesh-worker=65536"
    "memorysetup-temp-allocator-size-audio-worker=65536"
    "memorysetup-temp-allocator-size-cloud-worker=32768"
    "memorysetup-temp-allocator-size-gi-baking-worker=262144"
    "memorysetup-temp-allocator-size-gfx=262144"
Refreshing native plugins compatible for Editor in 20.50 ms, found 1 plugins.
Preloading 1 native plugins for Editor in 0.76 ms.
Initialize engine version: 2021.2.3f1 (32358a8527b4)
[Subsystems] Discovering subsystems at path C:/Program Files/Unity/Hub/Editor/2021.2.3f1/Editor/Data/Resources/UnitySubsystems
[Subsystems] Discovering subsystems at path C:/Projekte/Unity/EscapeRoom/Assets
GfxDevice: creating device client; threaded=0; jobified=0
Direct3D:
    Version:  Direct3D 11.0 [level 11.1]
    Renderer: NVIDIA GeForce RTX 2070 with Max-Q Design (ID=0x1f54)
    Vendor:   NVIDIA
    VRAM:     8031 MB
    Driver:   30.0.14.7247
Initialize mono
Mono path[0] = 'C:/Program Files/Unity/Hub/Editor/2021.2.3f1/Editor/Data/Managed'
Mono path[1] = 'C:/Program Files/Unity/Hub/Editor/2021.2.3f1/Editor/Data/MonoBleedingEdge/lib/mono/unityjit-win32'
Mono config path = 'C:/Program Files/Unity/Hub/Editor/2021.2.3f1/Editor/Data/MonoBleedingEdge/etc'
Using monoOptions --debugger-agent=transport=dt_socket,embedding=1,server=y,suspend=n,address=127.0.0.1:56012
Begin MonoManager ReloadAssembly
Registering precompiled unity dll's ...
Register platform support module: C:/Program Files/Unity/Hub/Editor/2021.2.3f1/Editor/Data/PlaybackEngines/WindowsStandaloneSupport/UnityEditor.WindowsStandalone.Extensions.dll
Registered in 0.007743 seconds.
Native extension for WindowsStandalone target not found
Refreshing native plugins compatible for Editor in 19.21 ms, found 1 plugins.
Preloading 1 native plugins for Editor in 0.13 ms.
Mono: successfully reloaded assembly
- Completed reload, in  0.551 seconds
Domain Reload Profiling:
	ReloadAssembly (552ms)
		BeginReloadAssembly (73ms)
			ExecutionOrderSort (0ms)
			DisableScriptedObjects (0ms)
			BackupInstance (0ms)
			ReleaseScriptingObjects (0ms)
			CreateAndSetChildDomain (1ms)
		EndReloadAssembly (401ms)
			LoadAssemblies (70ms)
			RebuildTransferFunctionScriptingTraits (0ms)
			SetupTypeCache (99ms)
			ReleaseScriptCaches (0ms)
			RebuildScriptCaches (31ms)
			SetupLoadedEditorAssemblies (221ms)
				LogAssemblyErrors (0ms)
				InitializePlatformSupportModulesInManaged (15ms)
				SetLoadedEditorAssemblies (0ms)
				RefreshPlugins (19ms)
				BeforeProcessingInitializeOnLoad (1ms)
				ProcessInitializeOnLoadAttributes (138ms)
				ProcessInitializeOnLoadMethodAttributes (47ms)
				AfterProcessingInitializeOnLoad (0ms)
				EditorAssembliesLoaded (0ms)
			ExecutionOrderSort2 (0ms)
			AwakeInstancesAfterBackupRestoration (0ms)
Platform modules already initialized, skipping
Registering precompiled user dll's ...
Registered in 0.000598 seconds.
Begin MonoManager ReloadAssembly
Native extension for WindowsStandalone target not found
Refreshing native plugins compatible for Editor in 0.20 ms, found 1 plugins.
Preloading 1 native plugins for Editor in 0.07 ms.
Mono: successfully reloaded assembly
- Completed reload, in  0.782 seconds
Domain Reload Profiling:
	ReloadAssembly (783ms)
		BeginReloadAssembly (162ms)
			ExecutionOrderSort (0ms)
			DisableScriptedObjects (6ms)
			BackupInstance (0ms)
			ReleaseScriptingObjects (0ms)
			CreateAndSetChildDomain (20ms)
		EndReloadAssembly (531ms)
			LoadAssemblies (59ms)
			RebuildTransferFunctionScriptingTraits (0ms)
			SetupTypeCache (114ms)
			ReleaseScriptCaches (0ms)
			RebuildScriptCaches (40ms)
			SetupLoadedEditorAssemblies (223ms)
				LogAssemblyErrors (0ms)
				InitializePlatformSupportModulesInManaged (14ms)
				SetLoadedEditorAssemblies (0ms)
				RefreshPlugins (0ms)
				BeforeProcessingInitializeOnLoad (49ms)
				ProcessInitializeOnLoadAttributes (125ms)
				ProcessInitializeOnLoadMethodAttributes (26ms)
				AfterProcessingInitializeOnLoad (9ms)
				EditorAssembliesLoaded (0ms)
			ExecutionOrderSort2 (0ms)
			AwakeInstancesAfterBackupRestoration (5ms)
Platform modules already initialized, skipping
========================================================================
Worker process is ready to serve import requests
Launched and connected shader compiler UnityShaderCompiler.exe after 0.07 seconds
Refreshing native plugins compatible for Editor in 0.20 ms, found 1 plugins.
Preloading 1 native plugins for Editor in 0.06 ms.
Unloading 1128 Unused Serialized files (Serialized files now loaded: 0)
Unloading 14 unused Assets / (56.0 KB). Loaded Objects now: 1611.
Memory consumption went from 133.1 MB to 133.0 MB.
Total: 2.459700 ms (FindLiveObjects: 0.135700 ms CreateObjectMapping: 0.046000 ms MarkObjects: 2.213000 ms  DeleteObjects: 0.063800 ms)

AssetImportParameters requested are different than current active one (requested -> active):
  custom:video-decoder-ogg-theora: a1e56fd34408186e4bbccfd4996cb3dc -> 
  custom:container-muxer-webm: aa71ff27fc2769a1b78a27578f13a17b -> 
  custom:container-demuxer-webm: 4f35f7cbe854078d1ac9338744f61a02 -> 
  custom:video-encoder-webm-vp8: eb34c28f22e8b96e1ab97ce403110664 -> 
  custom:video-codec-MediaFoundation-h265: 746d11721c4dcdbdad8f713fa42b33f4 -> 
  custom:audio-encoder-webm-vorbis: bf7c407c2cedff20999df2af8eb42d56 -> 
  custom:framework-win-MediaFoundation: 216162199b28c13a410421893ffa2e32 -> 
  custom:container-demuxer-ogg: 62fdf1f143b41e24485cea50d1cbac27 -> 
  custom:video-decoder-webm-vp8: 9c59270c3fd7afecdb556c50c9e8de78 -> 
  custom:audio-decoder-ogg-vorbis: bf7c407c2cedff20999df2af8eb42d56 -> 
========================================================================
Received Import Request.
  Time since last request: 1042020.655488 seconds.
  path: Assets/EscapeRoom/Scripts/OVRInputTouchAction.cs
  artifactKey: Guid(24bc3acf070db654e87f5b18c1316f2f) Importer(815301076,1909f56bfc062723c751e8b465ee728b)
Start importing Assets/EscapeRoom/Scripts/OVRInputTouchAction.cs using Guid(24bc3acf070db654e87f5b18c1316f2f) Importer(815301076,1909f56bfc062723c751e8b465ee728b)  -> (artifact id: '42497fe5705455f699b23628a8417bb7') in 0.021914 seconds 
========================================================================
Received Import Request.
  Time since last request: 3.451552 seconds.
  path: Assets/EscapeRoom/Scripts/OVRInputButtonAction.cs
  artifactKey: Guid(af4b58757b2047646a5192b7ebc17555) Importer(815301076,1909f56bfc062723c751e8b465ee728b)
Start importing Assets/EscapeRoom/Scripts/OVRInputButtonAction.cs using Guid(af4b58757b2047646a5192b7ebc17555) Importer(815301076,1909f56bfc062723c751e8b465ee728b)  -> (artifact id: '3776c0e6f15010f1091c84dba8c520d3') in 0.006956 seconds 
========================================================================
Received Import Request.
  Time since last request: 3.141973 seconds.
  path: Assets/EscapeRoom/Scripts/OVRInputAxis2DAction.cs
  artifactKey: Guid(cd8f3c8c76a7af8439b4a7dd2a7ffce1) Importer(815301076,1909f56bfc062723c751e8b465ee728b)
Start importing Assets/EscapeRoom/Scripts/OVRInputAxis2DAction.cs using Guid(cd8f3c8c76a7af8439b4a7dd2a7ffce1) Importer(815301076,1909f56bfc062723c751e8b465ee728b)  -> (artifact id: '12229a37435056f51302863b8a9f07eb') in 0.007620 seconds 
========================================================================
Received Import Request.
  Time since last request: 3.028744 seconds.
  path: Assets/EscapeRoom/Scripts/OVRInputAxis1DAction.cs
  artifactKey: Guid(58c9ed12fa1fa7e41975a522a1ac6f1a) Importer(815301076,1909f56bfc062723c751e8b465ee728b)
Start importing Assets/EscapeRoom/Scripts/OVRInputAxis1DAction.cs using Guid(58c9ed12fa1fa7e41975a522a1ac6f1a) Importer(815301076,1909f56bfc062723c751e8b465ee728b)  -> (artifact id: '58d1086eace97913c600573b3c158ce5') in 0.007287 seconds 
========================================================================
Received Import Request.
  Time since last request: 4.824699 seconds.
  path: Assets/EscapeRoom/Scripts/TeleporterActivation.cs
  artifactKey: Guid(fd664aa8fc34b744cb9c13326bde9d2b) Importer(815301076,1909f56bfc062723c751e8b465ee728b)
Start importing Assets/EscapeRoom/Scripts/TeleporterActivation.cs using Guid(fd664aa8fc34b744cb9c13326bde9d2b) Importer(815301076,1909f56bfc062723c751e8b465ee728b)  -> (artifact id: '2383976605f8abd824571091dc66946c') in 0.005600 seconds 
========================================================================
Received Import Request.
  Time since last request: 7.727279 seconds.
  path: Assets/EscapeRoom/Scripts/PointingGestureAction.cs
  artifactKey: Guid(ed4e3a152127e174eb55e1ae80f1e2a4) Importer(815301076,1909f56bfc062723c751e8b465ee728b)
Start importing Assets/EscapeRoom/Scripts/PointingGestureAction.cs using Guid(ed4e3a152127e174eb55e1ae80f1e2a4) Importer(815301076,1909f56bfc062723c751e8b465ee728b)  -> (artifact id: '5993aa3fb4220d8d572f51d47dac9c4a') in 0.006105 seconds 
========================================================================
Received Import Request.
  Time since last request: 9.446620 seconds.
  path: Assets/EscapeRoom/Scripts/PauseMenuLogic.cs
  artifactKey: Guid(44790b4dc417bb046b7399018cf783c1) Importer(815301076,1909f56bfc062723c751e8b465ee728b)
Start importing Assets/EscapeRoom/Scripts/PauseMenuLogic.cs using Guid(44790b4dc417bb046b7399018cf783c1) Importer(815301076,1909f56bfc062723c751e8b465ee728b)  -> (artifact id: 'ee9e8fcbced516862bc3699eadd4f3a5') in 0.005969 seconds 
========================================================================
Received Prepare
Registering precompiled user dll's ...
Registered in 0.000539 seconds.
Begin MonoManager ReloadAssembly
Native extension for WindowsStandalone target not found
Refreshing native plugins compatible for Editor in 0.25 ms, found 1 plugins.
Preloading 1 native plugins for Editor in 0.08 ms.
Mono: successfully reloaded assembly
- Completed reload, in  0.793 seconds
Domain Reload Profiling:
	ReloadAssembly (794ms)
		BeginReloadAssembly (137ms)
			ExecutionOrderSort (0ms)
			DisableScriptedObjects (7ms)
			BackupInstance (0ms)
			ReleaseScriptingObjects (0ms)
			CreateAndSetChildDomain (31ms)
		EndReloadAssembly (565ms)
			LoadAssemblies (66ms)
			RebuildTransferFunctionScriptingTraits (0ms)
			SetupTypeCache (128ms)
			ReleaseScriptCaches (1ms)
			RebuildScriptCaches (43ms)
			SetupLoadedEditorAssemblies (225ms)
				LogAssemblyErrors (0ms)
				InitializePlatformSupportModulesInManaged (12ms)
				SetLoadedEditorAssemblies (0ms)
				RefreshPlugins (0ms)
				BeforeProcessingInitializeOnLoad (45ms)
				ProcessInitializeOnLoadAttributes (131ms)
				ProcessInitializeOnLoadMethodAttributes (27ms)
				AfterProcessingInitializeOnLoad (10ms)
				EditorAssembliesLoaded (0ms)
			ExecutionOrderSort2 (0ms)
			AwakeInstancesAfterBackupRestoration (6ms)
Platform modules already initialized, skipping
Refreshing native plugins compatible for Editor in 0.20 ms, found 1 plugins.
Preloading 1 native plugins for Editor in 0.06 ms.
Unloading 1115 Unused Serialized files (Serialized files now loaded: 0)
Unloading 12 unused Assets / (24.5 KB). Loaded Objects now: 1606.
Memory consumption went from 132.8 MB to 132.7 MB.
Total: 1.894400 ms (FindLiveObjects: 0.112300 ms CreateObjectMapping: 0.037700 ms MarkObjects: 1.727500 ms  DeleteObjects: 0.015900 ms)

AssetImportParameters requested are different than current active one (requested -> active):
  custom:video-decoder-ogg-theora: a1e56fd34408186e4bbccfd4996cb3dc -> 
  custom:container-muxer-webm: aa71ff27fc2769a1b78a27578f13a17b -> 
  custom:container-demuxer-webm: 4f35f7cbe854078d1ac9338744f61a02 -> 
  custom:video-encoder-webm-vp8: eb34c28f22e8b96e1ab97ce403110664 -> 
  custom:video-codec-MediaFoundation-h265: 746d11721c4dcdbdad8f713fa42b33f4 -> 
  custom:audio-encoder-webm-vorbis: bf7c407c2cedff20999df2af8eb42d56 -> 
  custom:framework-win-MediaFoundation: 216162199b28c13a410421893ffa2e32 -> 
  custom:container-demuxer-ogg: 62fdf1f143b41e24485cea50d1cbac27 -> 
  custom:video-decoder-webm-vp8: 9c59270c3fd7afecdb556c50c9e8de78 -> 
  custom:audio-decoder-ogg-vorbis: bf7c407c2cedff20999df2af8eb42d56 -> 
========================================================================
Received Import Request.
  Time since last request: 24.432026 seconds.
  path: Assets/EscapeRoom/Scripts/PhysicalButtonPressed.cs
  artifactKey: Guid(dc5ed8afde30cd94a88ed051fb86c75c) Importer(815301076,1909f56bfc062723c751e8b465ee728b)
Start importing Assets/EscapeRoom/Scripts/PhysicalButtonPressed.cs using Guid(dc5ed8afde30cd94a88ed051fb86c75c) Importer(815301076,1909f56bfc062723c751e8b465ee728b)  -> (artifact id: '7fdc8cf4f9db916dc3414279a4189e8b') in 0.007864 seconds 
========================================================================
Received Import Request.
  Time since last request: 5.478792 seconds.
  path: Assets/EscapeRoom/Scripts/NumpadLogic.cs
  artifactKey: Guid(c344d2f276a28b74cbf1da0302f556a0) Importer(815301076,1909f56bfc062723c751e8b465ee728b)
Start importing Assets/EscapeRoom/Scripts/NumpadLogic.cs using Guid(c344d2f276a28b74cbf1da0302f556a0) Importer(815301076,1909f56bfc062723c751e8b465ee728b)  -> (artifact id: 'c23cd976213e2d2130b328afda4efc5f') in 0.005753 seconds 
========================================================================
Received Import Request.
  Time since last request: 16.205750 seconds.
  path: Assets/Oculus/Spatializer/scripts/helpers
  artifactKey: Guid(09f814575468d81448e92cb264792b5b) Importer(815301076,1909f56bfc062723c751e8b465ee728b)
Start importing Assets/Oculus/Spatializer/scripts/helpers using Guid(09f814575468d81448e92cb264792b5b) Importer(815301076,1909f56bfc062723c751e8b465ee728b)  -> (artifact id: '0e437517d6de863ca3da8a8d8ce87c18') in 0.006598 seconds 
========================================================================
Received Prepare
Registering precompiled user dll's ...
Registered in 0.000606 seconds.
Begin MonoManager ReloadAssembly
Native extension for WindowsStandalone target not found
Refreshing native plugins compatible for Editor in 0.20 ms, found 1 plugins.
Preloading 1 native plugins for Editor in 0.07 ms.
Mono: successfully reloaded assembly
- Completed reload, in  0.767 seconds
Domain Reload Profiling:
	ReloadAssembly (767ms)
		BeginReloadAssembly (118ms)
			ExecutionOrderSort (0ms)
			DisableScriptedObjects (7ms)
			BackupInstance (0ms)
			ReleaseScriptingObjects (0ms)
			CreateAndSetChildDomain (20ms)
		EndReloadAssembly (555ms)
			LoadAssemblies (65ms)
			RebuildTransferFunctionScriptingTraits (0ms)
			SetupTypeCache (123ms)
			ReleaseScriptCaches (1ms)
			RebuildScriptCaches (38ms)
			SetupLoadedEditorAssemblies (236ms)
				LogAssemblyErrors (0ms)
				InitializePlatformSupportModulesInManaged (13ms)
				SetLoadedEditorAssemblies (0ms)
				RefreshPlugins (0ms)
				BeforeProcessingInitializeOnLoad (54ms)
				ProcessInitializeOnLoadAttributes (133ms)
				ProcessInitializeOnLoadMethodAttributes (25ms)
				AfterProcessingInitializeOnLoad (10ms)
				EditorAssembliesLoaded (0ms)
			ExecutionOrderSort2 (0ms)
			AwakeInstancesAfterBackupRestoration (5ms)
Platform modules already initialized, skipping
Refreshing native plugins compatible for Editor in 0.20 ms, found 1 plugins.
Preloading 1 native plugins for Editor in 0.06 ms.
Unloading 1105 Unused Serialized files (Serialized files now loaded: 0)
Unloading 15 unused Assets / (24.5 KB). Loaded Objects now: 1598.
Memory consumption went from 132.5 MB to 132.5 MB.
Total: 1.933500 ms (FindLiveObjects: 0.107500 ms CreateObjectMapping: 0.037700 ms MarkObjects: 1.770900 ms  DeleteObjects: 0.016500 ms)

AssetImportParameters requested are different than current active one (requested -> active):
  custom:video-decoder-ogg-theora: a1e56fd34408186e4bbccfd4996cb3dc -> 
  custom:container-muxer-webm: aa71ff27fc2769a1b78a27578f13a17b -> 
  custom:container-demuxer-webm: 4f35f7cbe854078d1ac9338744f61a02 -> 
  custom:video-encoder-webm-vp8: eb34c28f22e8b96e1ab97ce403110664 -> 
  custom:video-codec-MediaFoundation-h265: 746d11721c4dcdbdad8f713fa42b33f4 -> 
  custom:audio-encoder-webm-vorbis: bf7c407c2cedff20999df2af8eb42d56 -> 
  custom:framework-win-MediaFoundation: 216162199b28c13a410421893ffa2e32 -> 
  custom:container-demuxer-ogg: 62fdf1f143b41e24485cea50d1cbac27 -> 
  custom:video-decoder-webm-vp8: 9c59270c3fd7afecdb556c50c9e8de78 -> 
  custom:audio-decoder-ogg-vorbis: bf7c407c2cedff20999df2af8eb42d56 -> 
========================================================================
Received Prepare
Registering precompiled user dll's ...
Registered in 0.000889 seconds.
Begin MonoManager ReloadAssembly
Native extension for WindowsStandalone target not found
Refreshing native plugins compatible for Editor in 0.20 ms, found 1 plugins.
Preloading 1 native plugins for Editor in 0.07 ms.
Mono: successfully reloaded assembly
- Completed reload, in  0.764 seconds
Domain Reload Profiling:
	ReloadAssembly (764ms)
		BeginReloadAssembly (115ms)
			ExecutionOrderSort (0ms)
			DisableScriptedObjects (8ms)
			BackupInstance (0ms)
			ReleaseScriptingObjects (0ms)
			CreateAndSetChildDomain (19ms)
		EndReloadAssembly (557ms)
			LoadAssemblies (64ms)
			RebuildTransferFunctionScriptingTraits (0ms)
			SetupTypeCache (136ms)
			ReleaseScriptCaches (1ms)
			RebuildScriptCaches (36ms)
			SetupLoadedEditorAssemblies (223ms)
				LogAssemblyErrors (0ms)
				InitializePlatformSupportModulesInManaged (13ms)
				SetLoadedEditorAssemblies (1ms)
				RefreshPlugins (0ms)
				BeforeProcessingInitializeOnLoad (42ms)
				ProcessInitializeOnLoadAttributes (132ms)
				ProcessInitializeOnLoadMethodAttributes (26ms)
				AfterProcessingInitializeOnLoad (9ms)
				EditorAssembliesLoaded (0ms)
			ExecutionOrderSort2 (0ms)
			AwakeInstancesAfterBackupRestoration (6ms)
Platform modules already initialized, skipping
Refreshing native plugins compatible for Editor in 0.19 ms, found 1 plugins.
Preloading 1 native plugins for Editor in 0.06 ms.
Unloading 1104 Unused Serialized files (Serialized files now loaded: 0)
Unloading 6 unused Assets / (24.5 KB). Loaded Objects now: 1599.
Memory consumption went from 132.4 MB to 132.4 MB.
Total: 2.374300 ms (FindLiveObjects: 0.170300 ms CreateObjectMapping: 0.064500 ms MarkObjects: 2.126700 ms  DeleteObjects: 0.011800 ms)

AssetImportParameters requested are different than current active one (requested -> active):
  custom:video-decoder-ogg-theora: a1e56fd34408186e4bbccfd4996cb3dc -> 
  custom:container-muxer-webm: aa71ff27fc2769a1b78a27578f13a17b -> 
  custom:container-demuxer-webm: 4f35f7cbe854078d1ac9338744f61a02 -> 
  custom:video-encoder-webm-vp8: eb34c28f22e8b96e1ab97ce403110664 -> 
  custom:video-codec-MediaFoundation-h265: 746d11721c4dcdbdad8f713fa42b33f4 -> 
  custom:audio-encoder-webm-vorbis: bf7c407c2cedff20999df2af8eb42d56 -> 
  custom:framework-win-MediaFoundation: 216162199b28c13a410421893ffa2e32 -> 
  custom:container-demuxer-ogg: 62fdf1f143b41e24485cea50d1cbac27 -> 
  custom:video-decoder-webm-vp8: 9c59270c3fd7afecdb556c50c9e8de78 -> 
  custom:audio-decoder-ogg-vorbis: bf7c407c2cedff20999df2af8eb42d56 -> 
========================================================================
Received Import Request.
  Time since last request: 33.549999 seconds.
  path: Assets/Oculus/Spatializer/Plugins/x86_64/AudioPluginOculusSpatializer.dll
  artifactKey: Guid(455beaad753df474989066032533be77) Importer(815301076,1909f56bfc062723c751e8b465ee728b)
Start importing Assets/Oculus/Spatializer/Plugins/x86_64/AudioPluginOculusSpatializer.dll using Guid(455beaad753df474989066032533be77) Importer(815301076,1909f56bfc062723c751e8b465ee728b)  -> (artifact id: 'fec4441267cb380078588c607f3b4ba2') in 0.006220 seconds 
========================================================================
Received Import Request.
  Time since last request: 12.792527 seconds.
  path: Assets/Oculus/Spatializer/Plugins/x86_64/AudioPluginOculusSpatializer.dll
  artifactKey: Guid(455beaad753df474989066032533be77) Importer(815301076,1909f56bfc062723c751e8b465ee728b)
Start importing Assets/Oculus/Spatializer/Plugins/x86_64/AudioPluginOculusSpatializer.dll using Guid(455beaad753df474989066032533be77) Importer(815301076,1909f56bfc062723c751e8b465ee728b)  -> (artifact id: '9563006cebc3957a68d5c35055bd6aac') in 0.002396 seconds 
